# JRE version: OpenJDK Runtime Environment Temurin-21.0.8+9 (21.0.8+9) (build 21.0.8+9-LTS)
# Java VM: OpenJDK 64-Bit Server VM Temurin-21.0.8+9 (21.0.8+9-LTS, mixed mode, sharing, tiered, compressed oops, compressed class ptrs, g1 gc, windows-amd64)
GC Precious Log:
 CardTable entry size: 512
 Card Set container configuration: InlinePtr #cards 4 size 8 Array Of Cards #cards 16 size 48 Howl #buckets 8 coarsen threshold 3686 Howl Bitmap #cards 512 size 80 coarsen threshold 460 Card regions per heap region 1 cards per card region 4096
 CPUs: 12 total, 12 available
 Memory: 15693M
 Large Page Support: Disabled
 NUMA Support: Disabled
 Compressed Oops: Enabled (Zero based)
 Heap Region Size: 2M
 Heap Min Capacity: 8M
 Heap Initial Capacity: 246M
 Heap Max Capacity: 4G
 Pre-touch: Disabled
 Parallel Workers: 10
 Concurrent Workers: 3
 Concurrent Refinement Workers: 10
 Periodic GC: Disabled
Heap:
 garbage-first heap   total 237568K, used 148739K [0x0000000700000000, 0x0000000800000000)
  region size 2048K, 7 young (14336K), 3 survivors (6144K)
 Metaspace       used 91488K, committed 93504K, reserved 1179648K
  class space    used 12262K, committed 13312K, reserved 1048576K
GC Heap History (20 events):
Event: 9.167 GC heap before
{Heap before GC invocations=23 (full 0):
 garbage-first heap   total 182272K, used 158520K [0x0000000700000000, 0x0000000800000000)
  region size 2048K, 41 young (83968K), 5 survivors (10240K)
 Metaspace       used 70794K, committed 72640K, reserved 1114112K
  class space    used 9861K, committed 10816K, reserved 1048576K
}
Event: 9.175 GC heap after
{Heap after GC invocations=24 (full 0):
 garbage-first heap   total 182272K, used 91578K [0x0000000700000000, 0x0000000800000000)
  region size 2048K, 6 young (12288K), 6 survivors (12288K)
 Metaspace       used 70794K, committed 72640K, reserved 1114112K
  class space    used 9861K, committed 10816K, reserved 1048576K
}
Event: 9.595 GC heap before
{Heap before GC invocations=25 (full 0):
 garbage-first heap   total 182272K, used 155066K [0x0000000700000000, 0x0000000800000000)
  region size 2048K, 38 young (77824K), 6 survivors (12288K)
 Metaspace       used 73507K, committed 75328K, reserved 1114112K
  class space    used 10286K, committed 11200K, reserved 1048576K
}
Event: 9.602 GC heap after
{Heap after GC invocations=26 (full 0):
 garbage-first heap   total 182272K, used 95048K [0x0000000700000000, 0x0000000800000000)
  region size 2048K, 3 young (6144K), 3 survivors (6144K)
 Metaspace       used 73507K, committed 75328K, reserved 1114112K
  class space    used 10286K, committed 11200K, reserved 1048576K
}
Event: 9.794 GC heap before
{Heap before GC invocations=26 (full 0):
 garbage-first heap   total 182272K, used 162632K [0x0000000700000000, 0x0000000800000000)
  region size 2048K, 36 young (73728K), 3 survivors (6144K)
 Metaspace       used 73507K, committed 75328K, reserved 1114112K
  class space    used 10286K, committed 11200K, reserved 1048576K
}
Event: 9.798 GC heap after
{Heap after GC invocations=27 (full 0):
 garbage-first heap   total 182272K, used 94111K [0x0000000700000000, 0x0000000800000000)
  region size 2048K, 4 young (8192K), 4 survivors (8192K)
 Metaspace       used 73507K, committed 75328K, reserved 1114112K
  class space    used 10286K, committed 11200K, reserved 1048576K
}
Event: 11.280 GC heap before
{Heap before GC invocations=27 (full 0):
 garbage-first heap   total 182272K, used 159647K [0x0000000700000000, 0x0000000800000000)
  region size 2048K, 37 young (75776K), 4 survivors (8192K)
 Metaspace       used 75220K, committed 76992K, reserved 1179648K
  class space    used 10499K, committed 11392K, reserved 1048576K
}
Event: 11.287 GC heap after
{Heap after GC invocations=28 (full 0):
 garbage-first heap   total 219136K, used 100995K [0x0000000700000000, 0x0000000800000000)
  region size 2048K, 5 young (10240K), 5 survivors (10240K)
 Metaspace       used 75220K, committed 76992K, reserved 1179648K
  class space    used 10499K, committed 11392K, reserved 1048576K
}
Event: 11.835 GC heap before
{Heap before GC invocations=29 (full 0):
 garbage-first heap   total 219136K, used 193155K [0x0000000700000000, 0x0000000800000000)
  region size 2048K, 51 young (104448K), 5 survivors (10240K)
 Metaspace       used 76201K, committed 78016K, reserved 1179648K
  class space    used 10599K, committed 11520K, reserved 1048576K
}
Event: 11.842 GC heap after
{Heap after GC invocations=30 (full 0):
 garbage-first heap   total 219136K, used 104159K [0x0000000700000000, 0x0000000800000000)
  region size 2048K, 4 young (8192K), 4 survivors (8192K)
 Metaspace       used 76201K, committed 78016K, reserved 1179648K
  class space    used 10599K, committed 11520K, reserved 1048576K
}
Event: 21.194 GC heap before
{Heap before GC invocations=30 (full 0):
 garbage-first heap   total 219136K, used 192223K [0x0000000700000000, 0x0000000800000000)
  region size 2048K, 48 young (98304K), 4 survivors (8192K)
 Metaspace       used 81116K, committed 83008K, reserved 1179648K
  class space    used 11205K, committed 12160K, reserved 1048576K
}
Event: 21.203 GC heap after
{Heap after GC invocations=31 (full 0):
 garbage-first heap   total 219136K, used 108020K [0x0000000700000000, 0x0000000800000000)
  region size 2048K, 5 young (10240K), 5 survivors (10240K)
 Metaspace       used 81116K, committed 83008K, reserved 1179648K
  class space    used 11205K, committed 12160K, reserved 1048576K
}
Event: 21.647 GC heap before
{Heap before GC invocations=31 (full 0):
 garbage-first heap   total 219136K, used 157172K [0x0000000700000000, 0x0000000800000000)
  region size 2048K, 31 young (63488K), 5 survivors (10240K)
 Metaspace       used 81255K, committed 83200K, reserved 1179648K
  class space    used 11218K, committed 12224K, reserved 1048576K
}
Event: 21.656 GC heap after
{Heap after GC invocations=32 (full 0):
 garbage-first heap   total 219136K, used 110434K [0x0000000700000000, 0x0000000800000000)
  region size 2048K, 3 young (6144K), 3 survivors (6144K)
 Metaspace       used 81255K, committed 83200K, reserved 1179648K
  class space    used 11218K, committed 12224K, reserved 1048576K
}
Event: 22.609 GC heap before
{Heap before GC invocations=33 (full 0):
 garbage-first heap   total 219136K, used 202594K [0x0000000700000000, 0x0000000800000000)
  region size 2048K, 45 young (92160K), 3 survivors (6144K)
 Metaspace       used 86137K, committed 88064K, reserved 1179648K
  class space    used 11740K, committed 12736K, reserved 1048576K
}
Event: 22.613 GC heap after
{Heap after GC invocations=34 (full 0):
 garbage-first heap   total 219136K, used 113159K [0x0000000700000000, 0x0000000800000000)
  region size 2048K, 4 young (8192K), 4 survivors (8192K)
 Metaspace       used 86137K, committed 88064K, reserved 1179648K
  class space    used 11740K, committed 12736K, reserved 1048576K
}
Event: 23.830 GC heap before
{Heap before GC invocations=34 (full 0):
 garbage-first heap   total 219136K, used 205319K [0x0000000700000000, 0x0000000800000000)
  region size 2048K, 45 young (92160K), 4 survivors (8192K)
 Metaspace       used 91349K, committed 93376K, reserved 1179648K
  class space    used 12257K, committed 13312K, reserved 1048576K
}
Event: 23.988 GC heap after
{Heap after GC invocations=35 (full 0):
 garbage-first heap   total 237568K, used 134836K [0x0000000700000000, 0x0000000800000000)
  region size 2048K, 6 young (12288K), 6 survivors (12288K)
 Metaspace       used 91349K, committed 93376K, reserved 1179648K
  class space    used 12257K, committed 13312K, reserved 1048576K
}
Event: 24.138 GC heap before
{Heap before GC invocations=35 (full 0):
 garbage-first heap   total 237568K, used 147124K [0x0000000700000000, 0x0000000800000000)
  region size 2048K, 14 young (28672K), 6 survivors (12288K)
 Metaspace       used 91487K, committed 93504K, reserved 1179648K
  class space    used 12262K, committed 13312K, reserved 1048576K
}
Event: 24.146 GC heap after
{Heap after GC invocations=36 (full 0):
 garbage-first heap   total 237568K, used 140547K [0x0000000700000000, 0x0000000800000000)
  region size 2048K, 3 young (6144K), 3 survivors (6144K)
 Metaspace       used 91487K, committed 93504K, reserved 1179648K
  class space    used 12262K, committed 13312K, reserved 1048576K
}

