# JRE version: OpenJDK Runtime Environment (21.0.7) (build 21.0.7+-13880790-b1038.58)
# Java VM: OpenJDK 64-Bit Server VM (21.0.7+-13880790-b1038.58, mixed mode, tiered, compressed oops, compressed class ptrs, g1 gc, windows-amd64)
GC Precious Log:
 CardTable entry size: 512
 Card Set container configuration: InlinePtr #cards 4 size 8 Array Of Cards #cards 16 size 48 Howl #buckets 8 coarsen threshold 3686 Howl Bitmap #cards 512 size 80 coarsen threshold 460 Card regions per heap region 1 cards per card region 4096
 CPUs: 12 total, 12 available
 Memory: 15693M
 Large Page Support: Disabled
 NUMA Support: Disabled
 Compressed Oops: Enabled (Zero based)
 Heap Region Size: 2M
 Heap Min Capacity: 8M
 Heap Initial Capacity: 246M
 Heap Max Capacity: 4G
 Pre-touch: Disabled
 Parallel Workers: 10
 Concurrent Workers: 3
 Concurrent Refinement Workers: 10
 Periodic GC: Disabled
Heap:
 garbage-first heap   total 714752K, used 573385K [0x0000000700000000, 0x0000000800000000)
  region size 2048K, 16 young (32768K), 9 survivors (18432K)
 Metaspace       used 297751K, committed 301184K, reserved 1310720K
  class space    used 38999K, committed 40704K, reserved 1048576K
GC Heap History (20 events):
Event: 2226.165 GC heap before
{Heap before GC invocations=101 (full 0):
 garbage-first heap   total 530432K, used 485224K [0x0000000700000000, 0x0000000800000000)
  region size 2048K, 98 young (200704K), 6 survivors (12288K)
 Metaspace       used 292988K, committed 296448K, reserved 1310720K
  class space    used 38314K, committed 40000K, reserved 1048576K
}
Event: 2226.173 GC heap after
{Heap after GC invocations=102 (full 0):
 garbage-first heap   total 530432K, used 298887K [0x0000000700000000, 0x0000000800000000)
  region size 2048K, 6 young (12288K), 6 survivors (12288K)
 Metaspace       used 292988K, committed 296448K, reserved 1310720K
  class space    used 38314K, committed 40000K, reserved 1048576K
}
Event: 2226.937 GC heap before
{Heap before GC invocations=102 (full 0):
 garbage-first heap   total 530432K, used 487303K [0x0000000700000000, 0x0000000800000000)
  region size 2048K, 98 young (200704K), 6 survivors (12288K)
 Metaspace       used 292988K, committed 296448K, reserved 1310720K
  class space    used 38314K, committed 40000K, reserved 1048576K
}
Event: 2226.947 GC heap after
{Heap after GC invocations=103 (full 0):
 garbage-first heap   total 530432K, used 296769K [0x0000000700000000, 0x0000000800000000)
  region size 2048K, 7 young (14336K), 7 survivors (14336K)
 Metaspace       used 292988K, committed 296448K, reserved 1310720K
  class space    used 38314K, committed 40000K, reserved 1048576K
}
Event: 2227.277 GC heap before
{Heap before GC invocations=103 (full 0):
 garbage-first heap   total 530432K, used 374593K [0x0000000700000000, 0x0000000800000000)
  region size 2048K, 46 young (94208K), 7 survivors (14336K)
 Metaspace       used 292988K, committed 296448K, reserved 1310720K
  class space    used 38314K, committed 40000K, reserved 1048576K
}
Event: 2227.284 GC heap after
{Heap after GC invocations=104 (full 0):
 garbage-first heap   total 530432K, used 297219K [0x0000000700000000, 0x0000000800000000)
  region size 2048K, 7 young (14336K), 7 survivors (14336K)
 Metaspace       used 292988K, committed 296448K, reserved 1310720K
  class space    used 38314K, committed 40000K, reserved 1048576K
}
Event: 2228.316 GC heap before
{Heap before GC invocations=105 (full 0):
 garbage-first heap   total 530432K, used 491779K [0x0000000700000000, 0x0000000800000000)
  region size 2048K, 99 young (202752K), 7 survivors (14336K)
 Metaspace       used 293738K, committed 297152K, reserved 1310720K
  class space    used 38428K, committed 40128K, reserved 1048576K
}
Event: 2228.329 GC heap after
{Heap after GC invocations=106 (full 0):
 garbage-first heap   total 530432K, used 321412K [0x0000000700000000, 0x0000000800000000)
  region size 2048K, 13 young (26624K), 13 survivors (26624K)
 Metaspace       used 293738K, committed 297152K, reserved 1310720K
  class space    used 38428K, committed 40128K, reserved 1048576K
}
Event: 2228.782 GC heap before
{Heap before GC invocations=106 (full 0):
 garbage-first heap   total 530432K, used 472964K [0x0000000700000000, 0x0000000800000000)
  region size 2048K, 88 young (180224K), 13 survivors (26624K)
 Metaspace       used 294878K, committed 298304K, reserved 1310720K
  class space    used 38611K, committed 40320K, reserved 1048576K
}
Event: 2228.806 GC heap after
{Heap after GC invocations=107 (full 0):
 garbage-first heap   total 550912K, used 357934K [0x0000000700000000, 0x0000000800000000)
  region size 2048K, 11 young (22528K), 11 survivors (22528K)
 Metaspace       used 294878K, committed 298304K, reserved 1310720K
  class space    used 38611K, committed 40320K, reserved 1048576K
}
Event: 2229.104 GC heap before
{Heap before GC invocations=107 (full 0):
 garbage-first heap   total 550912K, used 493102K [0x0000000700000000, 0x0000000800000000)
  region size 2048K, 77 young (157696K), 11 survivors (22528K)
 Metaspace       used 295773K, committed 299200K, reserved 1310720K
  class space    used 38718K, committed 40384K, reserved 1048576K
}
Event: 2229.125 GC heap after
{Heap after GC invocations=108 (full 0):
 garbage-first heap   total 714752K, used 392137K [0x0000000700000000, 0x0000000800000000)
  region size 2048K, 10 young (20480K), 10 survivors (20480K)
 Metaspace       used 295773K, committed 299200K, reserved 1310720K
  class space    used 38718K, committed 40384K, reserved 1048576K
}
Event: 2229.927 GC heap before
{Heap before GC invocations=109 (full 0):
 garbage-first heap   total 714752K, used 615369K [0x0000000700000000, 0x0000000800000000)
  region size 2048K, 120 young (245760K), 10 survivors (20480K)
 Metaspace       used 296706K, committed 300160K, reserved 1310720K
  class space    used 38873K, committed 40576K, reserved 1048576K
}
Event: 2229.958 GC heap after
{Heap after GC invocations=110 (full 0):
 garbage-first heap   total 714752K, used 446359K [0x0000000700000000, 0x0000000800000000)
  region size 2048K, 15 young (30720K), 15 survivors (30720K)
 Metaspace       used 296706K, committed 300160K, reserved 1310720K
  class space    used 38873K, committed 40576K, reserved 1048576K
}
Event: 2230.251 GC heap before
{Heap before GC invocations=110 (full 0):
 garbage-first heap   total 714752K, used 626583K [0x0000000700000000, 0x0000000800000000)
  region size 2048K, 103 young (210944K), 15 survivors (30720K)
 Metaspace       used 297134K, committed 300608K, reserved 1310720K
  class space    used 38920K, committed 40640K, reserved 1048576K
}
Event: 2230.296 GC heap after
{Heap after GC invocations=111 (full 0):
 garbage-first heap   total 714752K, used 488910K [0x0000000700000000, 0x0000000800000000)
  region size 2048K, 13 young (26624K), 13 survivors (26624K)
 Metaspace       used 297134K, committed 300608K, reserved 1310720K
  class space    used 38920K, committed 40640K, reserved 1048576K
}
Event: 2230.519 GC heap before
{Heap before GC invocations=111 (full 0):
 garbage-first heap   total 714752K, used 634318K [0x0000000700000000, 0x0000000800000000)
  region size 2048K, 84 young (172032K), 13 survivors (26624K)
 Metaspace       used 297644K, committed 301120K, reserved 1310720K
  class space    used 38985K, committed 40704K, reserved 1048576K
}
Event: 2230.550 GC heap after
{Heap after GC invocations=112 (full 0):
 garbage-first heap   total 714752K, used 530362K [0x0000000700000000, 0x0000000800000000)
  region size 2048K, 11 young (22528K), 11 survivors (22528K)
 Metaspace       used 297644K, committed 301120K, reserved 1310720K
  class space    used 38985K, committed 40704K, reserved 1048576K
}
Event: 2230.843 GC heap before
{Heap before GC invocations=112 (full 0):
 garbage-first heap   total 714752K, used 647098K [0x0000000700000000, 0x0000000800000000)
  region size 2048K, 68 young (139264K), 11 survivors (22528K)
 Metaspace       used 297735K, committed 301184K, reserved 1310720K
  class space    used 38997K, committed 40704K, reserved 1048576K
}
Event: 2230.875 GC heap after
{Heap after GC invocations=113 (full 0):
 garbage-first heap   total 714752K, used 561097K [0x0000000700000000, 0x0000000800000000)
  region size 2048K, 9 young (18432K), 9 survivors (18432K)
 Metaspace       used 297735K, committed 301184K, reserved 1310720K
  class space    used 38997K, committed 40704K, reserved 1048576K
}

