# JRE version: OpenJDK Runtime Environment (21.0.7) (build 21.0.7+-13880790-b1038.58)
# Java VM: OpenJDK 64-Bit Server VM (21.0.7+-13880790-b1038.58, mixed mode, tiered, compressed oops, compressed class ptrs, g1 gc, windows-amd64)
GC Precious Log:
 CardTable entry size: 512
 Card Set container configuration: InlinePtr #cards 4 size 8 Array Of Cards #cards 16 size 48 Howl #buckets 8 coarsen threshold 3686 Howl Bitmap #cards 512 size 80 coarsen threshold 460 Card regions per heap region 1 cards per card region 4096
 CPUs: 12 total, 12 available
 Memory: 15693M
 Large Page Support: Disabled
 NUMA Support: Disabled
 Compressed Oops: Enabled (Zero based)
 Heap Region Size: 2M
 Heap Min Capacity: 8M
 Heap Initial Capacity: 246M
 Heap Max Capacity: 4G
 Pre-touch: Disabled
 Parallel Workers: 10
 Concurrent Workers: 3
 Concurrent Refinement Workers: 10
 Periodic GC: Disabled
Heap:
 garbage-first heap   total 454656K, used 214025K [0x0000000700000000, 0x0000000800000000)
  region size 2048K, 30 young (61440K), 7 survivors (14336K)
 Metaspace       used 153378K, committed 155840K, reserved 1245184K
  class space    used 21491K, committed 22720K, reserved 1048576K
GC Heap History (20 events):
Event: 133.764 GC heap before
{Heap before GC invocations=58 (full 0):
 garbage-first heap   total 251904K, used 219831K [0x0000000700000000, 0x0000000800000000)
  region size 2048K, 50 young (102400K), 7 survivors (14336K)
 Metaspace       used 123743K, committed 126080K, reserved 1179648K
  class space    used 17110K, committed 18240K, reserved 1048576K
}
Event: 133.782 GC heap after
{Heap after GC invocations=59 (full 0):
 garbage-first heap   total 251904K, used 143830K [0x0000000700000000, 0x0000000800000000)
  region size 2048K, 6 young (12288K), 6 survivors (12288K)
 Metaspace       used 123743K, committed 126080K, reserved 1179648K
  class space    used 17110K, committed 18240K, reserved 1048576K
}
Event: 857.015 GC heap before
{Heap before GC invocations=59 (full 0):
 garbage-first heap   total 251904K, used 219606K [0x0000000700000000, 0x0000000800000000)
  region size 2048K, 44 young (90112K), 6 survivors (12288K)
 Metaspace       used 125786K, committed 128192K, reserved 1179648K
  class space    used 17412K, committed 18624K, reserved 1048576K
}
Event: 857.024 GC heap after
{Heap after GC invocations=60 (full 0):
 garbage-first heap   total 251904K, used 145897K [0x0000000700000000, 0x0000000800000000)
  region size 2048K, 2 young (4096K), 2 survivors (4096K)
 Metaspace       used 125786K, committed 128192K, reserved 1179648K
  class space    used 17412K, committed 18624K, reserved 1048576K
}
Event: 858.056 GC heap before
{Heap before GC invocations=60 (full 0):
 garbage-first heap   total 251904K, used 229865K [0x0000000700000000, 0x0000000800000000)
  region size 2048K, 43 young (88064K), 2 survivors (4096K)
 Metaspace       used 126122K, committed 128512K, reserved 1179648K
  class space    used 17418K, committed 18624K, reserved 1048576K
}
Event: 858.066 GC heap after
{Heap after GC invocations=61 (full 0):
 garbage-first heap   total 251904K, used 156777K [0x0000000700000000, 0x0000000800000000)
  region size 2048K, 6 young (12288K), 6 survivors (12288K)
 Metaspace       used 126122K, committed 128512K, reserved 1179648K
  class space    used 17418K, committed 18624K, reserved 1048576K
}
Event: 860.038 GC heap before
{Heap before GC invocations=62 (full 0):
 garbage-first heap   total 264192K, used 222313K [0x0000000700000000, 0x0000000800000000)
  region size 2048K, 39 young (79872K), 6 survivors (12288K)
 Metaspace       used 130345K, committed 132736K, reserved 1179648K
  class space    used 17830K, committed 19008K, reserved 1048576K
}
Event: 860.047 GC heap after
{Heap after GC invocations=63 (full 0):
 garbage-first heap   total 264192K, used 163372K [0x0000000700000000, 0x0000000800000000)
  region size 2048K, 3 young (6144K), 3 survivors (6144K)
 Metaspace       used 130345K, committed 132736K, reserved 1179648K
  class space    used 17830K, committed 19008K, reserved 1048576K
}
Event: 865.276 GC heap before
{Heap before GC invocations=63 (full 0):
 garbage-first heap   total 264192K, used 239148K [0x0000000700000000, 0x0000000800000000)
  region size 2048K, 41 young (83968K), 3 survivors (6144K)
 Metaspace       used 137294K, committed 139712K, reserved 1179648K
  class space    used 18887K, committed 20096K, reserved 1048576K
}
Event: 865.286 GC heap after
{Heap after GC invocations=64 (full 0):
 garbage-first heap   total 264192K, used 156900K [0x0000000700000000, 0x0000000800000000)
  region size 2048K, 5 young (10240K), 5 survivors (10240K)
 Metaspace       used 137294K, committed 139712K, reserved 1179648K
  class space    used 18887K, committed 20096K, reserved 1048576K
}
Event: 866.070 GC heap before
{Heap before GC invocations=64 (full 0):
 garbage-first heap   total 264192K, used 234724K [0x0000000700000000, 0x0000000800000000)
  region size 2048K, 44 young (90112K), 5 survivors (10240K)
 Metaspace       used 148471K, committed 150976K, reserved 1179648K
  class space    used 20880K, committed 22144K, reserved 1048576K
}
Event: 866.077 GC heap after
{Heap after GC invocations=65 (full 0):
 garbage-first heap   total 264192K, used 158683K [0x0000000700000000, 0x0000000800000000)
  region size 2048K, 3 young (6144K), 3 survivors (6144K)
 Metaspace       used 148471K, committed 150976K, reserved 1179648K
  class space    used 20880K, committed 22144K, reserved 1048576K
}
Event: 866.769 GC heap before
{Heap before GC invocations=66 (full 0):
 garbage-first heap   total 342016K, used 336859K [0x0000000700000000, 0x0000000800000000)
  region size 2048K, 17 young (34816K), 3 survivors (6144K)
 Metaspace       used 151403K, committed 153856K, reserved 1245184K
  class space    used 21396K, committed 22592K, reserved 1048576K
}
Event: 866.775 GC heap after
{Heap after GC invocations=67 (full 0):
 garbage-first heap   total 348160K, used 202052K [0x0000000700000000, 0x0000000800000000)
  region size 2048K, 3 young (6144K), 3 survivors (6144K)
 Metaspace       used 151403K, committed 153856K, reserved 1245184K
  class space    used 21396K, committed 22592K, reserved 1048576K
}
Event: 1040.258 GC heap before
{Heap before GC invocations=67 (full 0):
 garbage-first heap   total 348160K, used 318788K [0x0000000700000000, 0x0000000800000000)
  region size 2048K, 61 young (124928K), 3 survivors (6144K)
 Metaspace       used 151972K, committed 154432K, reserved 1245184K
  class space    used 21437K, committed 22656K, reserved 1048576K
}
Event: 1040.271 GC heap after
{Heap after GC invocations=68 (full 0):
 garbage-first heap   total 350208K, used 155487K [0x0000000700000000, 0x0000000800000000)
  region size 2048K, 8 young (16384K), 8 survivors (16384K)
 Metaspace       used 151972K, committed 154432K, reserved 1245184K
  class space    used 21437K, committed 22656K, reserved 1048576K
}
Event: 1042.052 GC heap before
{Heap before GC invocations=68 (full 0):
 garbage-first heap   total 350208K, used 225119K [0x0000000700000000, 0x0000000800000000)
  region size 2048K, 44 young (90112K), 8 survivors (16384K)
 Metaspace       used 152962K, committed 155456K, reserved 1245184K
  class space    used 21484K, committed 22720K, reserved 1048576K
}
Event: 1042.062 GC heap after
{Heap after GC invocations=69 (full 0):
 garbage-first heap   total 350208K, used 161543K [0x0000000700000000, 0x0000000800000000)
  region size 2048K, 3 young (6144K), 3 survivors (6144K)
 Metaspace       used 152962K, committed 155456K, reserved 1245184K
  class space    used 21484K, committed 22720K, reserved 1048576K
}
Event: 2305.817 GC heap before
{Heap before GC invocations=70 (full 0):
 garbage-first heap   total 440320K, used 438023K [0x0000000700000000, 0x0000000800000000)
  region size 2048K, 64 young (131072K), 3 survivors (6144K)
 Metaspace       used 153307K, committed 155776K, reserved 1245184K
  class space    used 21491K, committed 22720K, reserved 1048576K
}
Event: 2305.865 GC heap after
{Heap after GC invocations=71 (full 0):
 garbage-first heap   total 454656K, used 168969K [0x0000000700000000, 0x0000000800000000)
  region size 2048K, 7 young (14336K), 7 survivors (14336K)
 Metaspace       used 153307K, committed 155776K, reserved 1245184K
  class space    used 21491K, committed 22720K, reserved 1048576K
}

