# JRE version: OpenJDK Runtime Environment (21.0.8) (build 21.0.8+-14018985-b1038.68)
# Java VM: OpenJDK 64-Bit Server VM (21.0.8+-14018985-b1038.68, mixed mode, tiered, compressed oops, compressed class ptrs, g1 gc, windows-amd64)
GC Precious Log:
 CardTable entry size: 512
 Card Set container configuration: InlinePtr #cards 4 size 8 Array Of Cards #cards 16 size 48 Howl #buckets 8 coarsen threshold 3686 Howl Bitmap #cards 512 size 80 coarsen threshold 460 Card regions per heap region 1 cards per card region 4096
 CPUs: 12 total, 12 available
 Memory: 15693M
 Large Page Support: Disabled
 NUMA Support: Disabled
 Compressed Oops: Enabled (Zero based)
 Heap Region Size: 2M
 Heap Min Capacity: 8M
 Heap Initial Capacity: 246M
 Heap Max Capacity: 4G
 Pre-touch: Disabled
 Parallel Workers: 10
 Concurrent Workers: 3
 Concurrent Refinement Workers: 10
 Periodic GC: Disabled
Heap:
 garbage-first heap   total 423936K, used 191756K [0x0000000700000000, 0x0000000800000000)
  region size 2048K, 38 young (77824K), 14 survivors (28672K)
 Metaspace       used 165803K, committed 167680K, reserved 1310720K
  class space    used 22522K, committed 23424K, reserved 1048576K
GC Heap History (20 events):
Event: 2022.388 GC heap before
{Heap before GC invocations=84 (full 0):
 garbage-first heap   total 718848K, used 278375K [0x0000000700000000, 0x0000000800000000)
  region size 2048K, 44 young (90112K), 16 survivors (32768K)
 Metaspace       used 216757K, committed 219008K, reserved 1245184K
  class space    used 28172K, committed 29312K, reserved 1048576K
}
Event: 2022.403 GC heap after
{Heap after GC invocations=85 (full 0):
 garbage-first heap   total 718848K, used 218936K [0x0000000700000000, 0x0000000800000000)
  region size 2048K, 17 young (34816K), 17 survivors (34816K)
 Metaspace       used 216757K, committed 219008K, reserved 1245184K
  class space    used 28172K, committed 29312K, reserved 1048576K
}
Event: 2026.769 GC heap before
{Heap before GC invocations=86 (full 0):
 garbage-first heap   total 718848K, used 630584K [0x0000000700000000, 0x0000000800000000)
  region size 2048K, 210 young (430080K), 17 survivors (34816K)
 Metaspace       used 234192K, committed 236416K, reserved 1310720K
  class space    used 30345K, committed 31488K, reserved 1048576K
}
Event: 2026.791 GC heap after
{Heap after GC invocations=87 (full 0):
 garbage-first heap   total 718848K, used 250131K [0x0000000700000000, 0x0000000800000000)
  region size 2048K, 21 young (43008K), 21 survivors (43008K)
 Metaspace       used 234192K, committed 236416K, reserved 1310720K
  class space    used 30345K, committed 31488K, reserved 1048576K
}
Event: 2027.315 GC heap before
{Heap before GC invocations=87 (full 0):
 garbage-first heap   total 718848K, used 635155K [0x0000000700000000, 0x0000000800000000)
  region size 2048K, 209 young (428032K), 21 survivors (43008K)
 Metaspace       used 234493K, committed 236736K, reserved 1310720K
  class space    used 30348K, committed 31488K, reserved 1048576K
}
Event: 2027.344 GC heap after
{Heap after GC invocations=88 (full 0):
 garbage-first heap   total 718848K, used 247626K [0x0000000700000000, 0x0000000800000000)
  region size 2048K, 17 young (34816K), 17 survivors (34816K)
 Metaspace       used 234493K, committed 236736K, reserved 1310720K
  class space    used 30348K, committed 31488K, reserved 1048576K
}
Event: 2027.837 GC heap before
{Heap before GC invocations=88 (full 0):
 garbage-first heap   total 718848K, used 640842K [0x0000000700000000, 0x0000000800000000)
  region size 2048K, 210 young (430080K), 17 survivors (34816K)
 Metaspace       used 234710K, committed 236928K, reserved 1310720K
  class space    used 30352K, committed 31488K, reserved 1048576K
}
Event: 2027.855 GC heap after
{Heap after GC invocations=89 (full 0):
 garbage-first heap   total 718848K, used 252906K [0x0000000700000000, 0x0000000800000000)
  region size 2048K, 14 young (28672K), 14 survivors (28672K)
 Metaspace       used 234710K, committed 236928K, reserved 1310720K
  class space    used 30352K, committed 31488K, reserved 1048576K
}
Event: 2028.845 GC heap before
{Heap before GC invocations=90 (full 0):
 garbage-first heap   total 718848K, used 646122K [0x0000000700000000, 0x0000000800000000)
  region size 2048K, 207 young (423936K), 14 survivors (28672K)
 Metaspace       used 234367K, committed 236544K, reserved 1310720K
  class space    used 30288K, committed 31424K, reserved 1048576K
}
Event: 2028.858 GC heap after
{Heap after GC invocations=91 (full 0):
 garbage-first heap   total 718848K, used 256380K [0x0000000700000000, 0x0000000800000000)
  region size 2048K, 15 young (30720K), 15 survivors (30720K)
 Metaspace       used 234367K, committed 236544K, reserved 1310720K
  class space    used 30288K, committed 31424K, reserved 1048576K
}
Event: 7649.985 GC heap before
{Heap before GC invocations=91 (full 0):
 garbage-first heap   total 718848K, used 715132K [0x0000000700000000, 0x0000000800000000)
  region size 2048K, 148 young (303104K), 15 survivors (30720K)
 Metaspace       used 234521K, committed 236736K, reserved 1310720K
  class space    used 30292K, committed 31424K, reserved 1048576K
}
Event: 7650.355 GC heap after
{Heap after GC invocations=92 (full 0):
 garbage-first heap   total 745472K, used 233659K [0x0000000700000000, 0x0000000800000000)
  region size 2048K, 7 young (14336K), 7 survivors (14336K)
 Metaspace       used 234521K, committed 236736K, reserved 1310720K
  class space    used 30292K, committed 31424K, reserved 1048576K
}
Event: 8102.413 GC heap before
{Heap before GC invocations=92 (full 0):
 garbage-first heap   total 745472K, used 258235K [0x0000000700000000, 0x0000000800000000)
  region size 2048K, 20 young (40960K), 7 survivors (14336K)
 Metaspace       used 234524K, committed 236736K, reserved 1310720K
  class space    used 30293K, committed 31424K, reserved 1048576K
}
Event: 8102.698 GC heap after
{Heap after GC invocations=93 (full 1):
 garbage-first heap   total 423936K, used 115086K [0x0000000700000000, 0x0000000800000000)
  region size 2048K, 0 young (0K), 0 survivors (0K)
 Metaspace       used 140472K, committed 149120K, reserved 1310720K
  class space    used 18564K, committed 21312K, reserved 1048576K
}
Event: 8426.472 GC heap before
{Heap before GC invocations=93 (full 1):
 garbage-first heap   total 423936K, used 149902K [0x0000000700000000, 0x0000000800000000)
  region size 2048K, 19 young (38912K), 0 survivors (0K)
 Metaspace       used 142344K, committed 149120K, reserved 1310720K
  class space    used 18910K, committed 21312K, reserved 1048576K
}
Event: 8426.477 GC heap after
{Heap after GC invocations=94 (full 1):
 garbage-first heap   total 423936K, used 120088K [0x0000000700000000, 0x0000000800000000)
  region size 2048K, 3 young (6144K), 3 survivors (6144K)
 Metaspace       used 142344K, committed 149120K, reserved 1310720K
  class space    used 18910K, committed 21312K, reserved 1048576K
}
Event: 8430.563 GC heap before
{Heap before GC invocations=95 (full 1):
 garbage-first heap   total 423936K, used 369944K [0x0000000700000000, 0x0000000800000000)
  region size 2048K, 124 young (253952K), 3 survivors (6144K)
 Metaspace       used 157204K, committed 158912K, reserved 1310720K
  class space    used 21261K, committed 22080K, reserved 1048576K
}
Event: 8430.578 GC heap after
{Heap after GC invocations=96 (full 1):
 garbage-first heap   total 423936K, used 134415K [0x0000000700000000, 0x0000000800000000)
  region size 2048K, 10 young (20480K), 10 survivors (20480K)
 Metaspace       used 157204K, committed 158912K, reserved 1310720K
  class space    used 21261K, committed 22080K, reserved 1048576K
}
Event: 8432.823 GC heap before
{Heap before GC invocations=96 (full 1):
 garbage-first heap   total 423936K, used 365839K [0x0000000700000000, 0x0000000800000000)
  region size 2048K, 124 young (253952K), 10 survivors (20480K)
 Metaspace       used 162149K, committed 163968K, reserved 1310720K
  class space    used 22025K, committed 22912K, reserved 1048576K
}
Event: 8432.836 GC heap after
{Heap after GC invocations=97 (full 1):
 garbage-first heap   total 423936K, used 144652K [0x0000000700000000, 0x0000000800000000)
  region size 2048K, 14 young (28672K), 14 survivors (28672K)
 Metaspace       used 162149K, committed 163968K, reserved 1310720K
  class space    used 22025K, committed 22912K, reserved 1048576K
}

