# JRE version: OpenJDK Runtime Environment (21.0.7) (build 21.0.7+-13880790-b1038.58)
# Java VM: OpenJDK 64-Bit Server VM (21.0.7+-13880790-b1038.58, mixed mode, tiered, compressed oops, compressed class ptrs, g1 gc, windows-amd64)
GC Precious Log:
 CardTable entry size: 512
 Card Set container configuration: InlinePtr #cards 4 size 8 Array Of Cards #cards 16 size 48 Howl #buckets 8 coarsen threshold 3686 Howl Bitmap #cards 512 size 80 coarsen threshold 460 Card regions per heap region 1 cards per card region 4096
 CPUs: 12 total, 12 available
 Memory: 15693M
 Large Page Support: Disabled
 NUMA Support: Disabled
 Compressed Oops: Enabled (Zero based)
 Heap Region Size: 2M
 Heap Min Capacity: 8M
 Heap Initial Capacity: 246M
 Heap Max Capacity: 4G
 Pre-touch: Disabled
 Parallel Workers: 10
 Concurrent Workers: 3
 Concurrent Refinement Workers: 10
 Periodic GC: Disabled
Heap:
 garbage-first heap   total 747520K, used 507904K [0x0000000700000000, 0x0000000800000000)
  region size 2048K, 13 young (26624K), 13 survivors (26624K)
 Metaspace       used 137386K, committed 139648K, reserved 1179648K
  class space    used 19536K, committed 20672K, reserved 1048576K
GC Heap History (20 events):
Event: 21.933 GC heap after
{Heap after GC invocations=56 (full 0):
 garbage-first heap   total 333824K, used 210944K [0x0000000700000000, 0x0000000800000000)
  region size 2048K, 7 young (14336K), 7 survivors (14336K)
 Metaspace       used 123669K, committed 125952K, reserved 1179648K
  class space    used 17160K, committed 18304K, reserved 1048576K
}
Event: 22.095 GC heap before
{Heap before GC invocations=56 (full 0):
 garbage-first heap   total 333824K, used 282624K [0x0000000700000000, 0x0000000800000000)
  region size 2048K, 43 young (88064K), 7 survivors (14336K)
 Metaspace       used 124835K, committed 127040K, reserved 1179648K
  class space    used 17385K, committed 18496K, reserved 1048576K
}
Event: 22.102 GC heap after
{Heap after GC invocations=57 (full 0):
 garbage-first heap   total 333824K, used 231910K [0x0000000700000000, 0x0000000800000000)
  region size 2048K, 6 young (12288K), 6 survivors (12288K)
 Metaspace       used 124835K, committed 127040K, reserved 1179648K
  class space    used 17385K, committed 18496K, reserved 1048576K
}
Event: 22.298 GC heap before
{Heap before GC invocations=58 (full 0):
 garbage-first heap   total 389120K, used 293350K [0x0000000700000000, 0x0000000800000000)
  region size 2048K, 36 young (73728K), 6 survivors (12288K)
 Metaspace       used 126122K, committed 128384K, reserved 1179648K
  class space    used 17589K, committed 18752K, reserved 1048576K
}
Event: 22.306 GC heap after
{Heap after GC invocations=59 (full 0):
 garbage-first heap   total 389120K, used 248638K [0x0000000700000000, 0x0000000800000000)
  region size 2048K, 5 young (10240K), 5 survivors (10240K)
 Metaspace       used 126122K, committed 128384K, reserved 1179648K
  class space    used 17589K, committed 18752K, reserved 1048576K
}
Event: 22.448 GC heap before
{Heap before GC invocations=59 (full 0):
 garbage-first heap   total 389120K, used 332606K [0x0000000700000000, 0x0000000800000000)
  region size 2048K, 47 young (96256K), 5 survivors (10240K)
 Metaspace       used 126628K, committed 128832K, reserved 1179648K
  class space    used 17648K, committed 18752K, reserved 1048576K
}
Event: 22.460 GC heap after
{Heap after GC invocations=60 (full 0):
 garbage-first heap   total 389120K, used 265213K [0x0000000700000000, 0x0000000800000000)
  region size 2048K, 6 young (12288K), 6 survivors (12288K)
 Metaspace       used 126628K, committed 128832K, reserved 1179648K
  class space    used 17648K, committed 18752K, reserved 1048576K
}
Event: 22.560 GC heap before
{Heap before GC invocations=60 (full 0):
 garbage-first heap   total 389120K, used 343037K [0x0000000700000000, 0x0000000800000000)
  region size 2048K, 44 young (90112K), 6 survivors (12288K)
 Metaspace       used 127119K, committed 129344K, reserved 1179648K
  class space    used 17735K, committed 18880K, reserved 1048576K
}
Event: 22.573 GC heap after
{Heap after GC invocations=61 (full 0):
 garbage-first heap   total 647168K, used 284096K [0x0000000700000000, 0x0000000800000000)
  region size 2048K, 6 young (12288K), 6 survivors (12288K)
 Metaspace       used 127119K, committed 129344K, reserved 1179648K
  class space    used 17735K, committed 18880K, reserved 1048576K
}
Event: 23.135 GC heap before
{Heap before GC invocations=62 (full 0):
 garbage-first heap   total 647168K, used 507328K [0x0000000700000000, 0x0000000800000000)
  region size 2048K, 116 young (237568K), 6 survivors (12288K)
 Metaspace       used 129665K, committed 131904K, reserved 1179648K
  class space    used 18162K, committed 19328K, reserved 1048576K
}
Event: 23.171 GC heap after
{Heap after GC invocations=63 (full 0):
 garbage-first heap   total 647168K, used 329728K [0x0000000700000000, 0x0000000800000000)
  region size 2048K, 15 young (30720K), 15 survivors (30720K)
 Metaspace       used 129665K, committed 131904K, reserved 1179648K
  class space    used 18162K, committed 19328K, reserved 1048576K
}
Event: 23.370 GC heap before
{Heap before GC invocations=63 (full 0):
 garbage-first heap   total 647168K, used 524288K [0x0000000700000000, 0x0000000800000000)
  region size 2048K, 110 young (225280K), 15 survivors (30720K)
 Metaspace       used 130406K, committed 132608K, reserved 1179648K
  class space    used 18268K, committed 19392K, reserved 1048576K
}
Event: 23.413 GC heap after
{Heap after GC invocations=64 (full 0):
 garbage-first heap   total 647168K, used 370034K [0x0000000700000000, 0x0000000800000000)
  region size 2048K, 14 young (28672K), 14 survivors (28672K)
 Metaspace       used 130406K, committed 132608K, reserved 1179648K
  class space    used 18268K, committed 19392K, reserved 1048576K
}
Event: 23.629 GC heap before
{Heap before GC invocations=64 (full 0):
 garbage-first heap   total 647168K, used 542066K [0x0000000700000000, 0x0000000800000000)
  region size 2048K, 99 young (202752K), 14 survivors (28672K)
 Metaspace       used 132771K, committed 135040K, reserved 1179648K
  class space    used 18766K, committed 19904K, reserved 1048576K
}
Event: 23.664 GC heap after
{Heap after GC invocations=65 (full 0):
 garbage-first heap   total 647168K, used 412474K [0x0000000700000000, 0x0000000800000000)
  region size 2048K, 13 young (26624K), 13 survivors (26624K)
 Metaspace       used 132771K, committed 135040K, reserved 1179648K
  class space    used 18766K, committed 19904K, reserved 1048576K
}
Event: 23.892 GC heap before
{Heap before GC invocations=65 (full 0):
 garbage-first heap   total 647168K, used 561978K [0x0000000700000000, 0x0000000800000000)
  region size 2048K, 86 young (176128K), 13 survivors (26624K)
 Metaspace       used 133303K, committed 135616K, reserved 1179648K
  class space    used 18851K, committed 19968K, reserved 1048576K
}
Event: 23.922 GC heap after
{Heap after GC invocations=66 (full 0):
 garbage-first heap   total 647168K, used 447280K [0x0000000700000000, 0x0000000800000000)
  region size 2048K, 11 young (22528K), 11 survivors (22528K)
 Metaspace       used 133303K, committed 135616K, reserved 1179648K
  class space    used 18851K, committed 19968K, reserved 1048576K
}
Event: 24.163 GC heap before
{Heap before GC invocations=67 (full 0):
 garbage-first heap   total 747520K, used 576304K [0x0000000700000000, 0x0000000800000000)
  region size 2048K, 74 young (151552K), 11 survivors (22528K)
 Metaspace       used 134218K, committed 136512K, reserved 1179648K
  class space    used 19013K, committed 20160K, reserved 1048576K
}
Event: 24.188 GC heap after
{Heap after GC invocations=68 (full 0):
 garbage-first heap   total 747520K, used 477184K [0x0000000700000000, 0x0000000800000000)
  region size 2048K, 10 young (20480K), 10 survivors (20480K)
 Metaspace       used 134218K, committed 136512K, reserved 1179648K
  class space    used 19013K, committed 20160K, reserved 1048576K
}
Event: 24.523 GC heap before
{Heap before GC invocations=68 (full 0):
 garbage-first heap   total 747520K, used 653312K [0x0000000700000000, 0x0000000800000000)
  region size 2048K, 97 young (198656K), 10 survivors (20480K)
 Metaspace       used 137386K, committed 139648K, reserved 1179648K
  class space    used 19536K, committed 20672K, reserved 1048576K
}

