# JRE version: OpenJDK Runtime Environment (21.0.7) (build 21.0.7+-13880790-b1038.58)
# Java VM: OpenJDK 64-Bit Server VM (21.0.7+-13880790-b1038.58, mixed mode, tiered, compressed oops, compressed class ptrs, g1 gc, windows-amd64)
GC Precious Log:
 CardTable entry size: 512
 Card Set container configuration: InlinePtr #cards 4 size 8 Array Of Cards #cards 16 size 48 Howl #buckets 8 coarsen threshold 3686 Howl Bitmap #cards 512 size 80 coarsen threshold 460 Card regions per heap region 1 cards per card region 4096
 CPUs: 12 total, 12 available
 Memory: 15693M
 Large Page Support: Disabled
 NUMA Support: Disabled
 Compressed Oops: Enabled (Zero based)
 Heap Region Size: 2M
 Heap Min Capacity: 8M
 Heap Initial Capacity: 246M
 Heap Max Capacity: 4G
 Pre-touch: Disabled
 Parallel Workers: 10
 Concurrent Workers: 3
 Concurrent Refinement Workers: 10
 Periodic GC: Disabled
Heap:
 garbage-first heap   total 219136K, used 177949K [0x0000000700000000, 0x0000000800000000)
  region size 2048K, 29 young (59392K), 3 survivors (6144K)
 Metaspace       used 123556K, committed 125888K, reserved 1179648K
  class space    used 17189K, committed 18368K, reserved 1048576K
GC Heap History (20 events):
Event: 84.176 GC heap before
{Heap before GC invocations=44 (full 0):
 garbage-first heap   total 157696K, used 138733K [0x0000000700000000, 0x0000000800000000)
  region size 2048K, 24 young (49152K), 3 survivors (6144K)
 Metaspace       used 110726K, committed 112896K, reserved 1179648K
  class space    used 15395K, committed 16448K, reserved 1048576K
}
Event: 84.185 GC heap after
{Heap after GC invocations=45 (full 0):
 garbage-first heap   total 157696K, used 97860K [0x0000000700000000, 0x0000000800000000)
  region size 2048K, 3 young (6144K), 3 survivors (6144K)
 Metaspace       used 110726K, committed 112896K, reserved 1179648K
  class space    used 15395K, committed 16448K, reserved 1048576K
}
Event: 85.325 GC heap before
{Heap before GC invocations=46 (full 0):
 garbage-first heap   total 167936K, used 138820K [0x0000000700000000, 0x0000000800000000)
  region size 2048K, 23 young (47104K), 3 survivors (6144K)
 Metaspace       used 114082K, committed 116288K, reserved 1179648K
  class space    used 15860K, committed 16960K, reserved 1048576K
}
Event: 85.333 GC heap after
{Heap after GC invocations=47 (full 0):
 garbage-first heap   total 167936K, used 100672K [0x0000000700000000, 0x0000000800000000)
  region size 2048K, 3 young (6144K), 3 survivors (6144K)
 Metaspace       used 114082K, committed 116288K, reserved 1179648K
  class space    used 15860K, committed 16960K, reserved 1048576K
}
Event: 86.378 GC heap before
{Heap before GC invocations=47 (full 0):
 garbage-first heap   total 167936K, used 149824K [0x0000000700000000, 0x0000000800000000)
  region size 2048K, 27 young (55296K), 3 survivors (6144K)
 Metaspace       used 115395K, committed 117632K, reserved 1179648K
  class space    used 16049K, committed 17152K, reserved 1048576K
}
Event: 86.388 GC heap after
{Heap after GC invocations=48 (full 0):
 garbage-first heap   total 167936K, used 106006K [0x0000000700000000, 0x0000000800000000)
  region size 2048K, 4 young (8192K), 4 survivors (8192K)
 Metaspace       used 115395K, committed 117632K, reserved 1179648K
  class space    used 16049K, committed 17152K, reserved 1048576K
}
Event: 87.676 GC heap before
{Heap before GC invocations=48 (full 0):
 garbage-first heap   total 167936K, used 146966K [0x0000000700000000, 0x0000000800000000)
  region size 2048K, 25 young (51200K), 4 survivors (8192K)
 Metaspace       used 117111K, committed 119360K, reserved 1179648K
  class space    used 16336K, committed 17472K, reserved 1048576K
}
Event: 87.690 GC heap after
{Heap after GC invocations=49 (full 0):
 garbage-first heap   total 167936K, used 113022K [0x0000000700000000, 0x0000000800000000)
  region size 2048K, 4 young (8192K), 4 survivors (8192K)
 Metaspace       used 117111K, committed 119360K, reserved 1179648K
  class space    used 16336K, committed 17472K, reserved 1048576K
}
Event: 89.231 GC heap before
{Heap before GC invocations=50 (full 0):
 garbage-first heap   total 192512K, used 145790K [0x0000000700000000, 0x0000000800000000)
  region size 2048K, 20 young (40960K), 4 survivors (8192K)
 Metaspace       used 117701K, committed 119936K, reserved 1179648K
  class space    used 16375K, committed 17472K, reserved 1048576K
}
Event: 89.241 GC heap after
{Heap after GC invocations=51 (full 0):
 garbage-first heap   total 192512K, used 119027K [0x0000000700000000, 0x0000000800000000)
  region size 2048K, 3 young (6144K), 3 survivors (6144K)
 Metaspace       used 117701K, committed 119936K, reserved 1179648K
  class space    used 16375K, committed 17472K, reserved 1048576K
}
Event: 90.486 GC heap before
{Heap before GC invocations=51 (full 0):
 garbage-first heap   total 192512K, used 168179K [0x0000000700000000, 0x0000000800000000)
  region size 2048K, 28 young (57344K), 3 survivors (6144K)
 Metaspace       used 118156K, committed 120448K, reserved 1179648K
  class space    used 16467K, committed 17600K, reserved 1048576K
}
Event: 90.495 GC heap after
{Heap after GC invocations=52 (full 0):
 garbage-first heap   total 192512K, used 120458K [0x0000000700000000, 0x0000000800000000)
  region size 2048K, 3 young (6144K), 3 survivors (6144K)
 Metaspace       used 118156K, committed 120448K, reserved 1179648K
  class space    used 16467K, committed 17600K, reserved 1048576K
}
Event: 97.425 GC heap before
{Heap before GC invocations=52 (full 0):
 garbage-first heap   total 192512K, used 169610K [0x0000000700000000, 0x0000000800000000)
  region size 2048K, 28 young (57344K), 3 survivors (6144K)
 Metaspace       used 118365K, committed 120576K, reserved 1179648K
  class space    used 16489K, committed 17600K, reserved 1048576K
}
Event: 97.431 GC heap after
{Heap after GC invocations=53 (full 0):
 garbage-first heap   total 192512K, used 122608K [0x0000000700000000, 0x0000000800000000)
  region size 2048K, 4 young (8192K), 4 survivors (8192K)
 Metaspace       used 118365K, committed 120576K, reserved 1179648K
  class space    used 16489K, committed 17600K, reserved 1048576K
}
Event: 98.367 GC heap before
{Heap before GC invocations=54 (full 0):
 garbage-first heap   total 208896K, used 169712K [0x0000000700000000, 0x0000000800000000)
  region size 2048K, 27 young (55296K), 4 survivors (8192K)
 Metaspace       used 118727K, committed 121024K, reserved 1179648K
  class space    used 16539K, committed 17664K, reserved 1048576K
}
Event: 98.374 GC heap after
{Heap after GC invocations=55 (full 0):
 garbage-first heap   total 208896K, used 124405K [0x0000000700000000, 0x0000000800000000)
  region size 2048K, 3 young (6144K), 3 survivors (6144K)
 Metaspace       used 118727K, committed 121024K, reserved 1179648K
  class space    used 16539K, committed 17664K, reserved 1048576K
}
Event: 100.589 GC heap before
{Heap before GC invocations=55 (full 0):
 garbage-first heap   total 208896K, used 185845K [0x0000000700000000, 0x0000000800000000)
  region size 2048K, 34 young (69632K), 3 survivors (6144K)
 Metaspace       used 122112K, committed 124352K, reserved 1179648K
  class space    used 16962K, committed 18048K, reserved 1048576K
}
Event: 100.600 GC heap after
{Heap after GC invocations=56 (full 0):
 garbage-first heap   total 208896K, used 126508K [0x0000000700000000, 0x0000000800000000)
  region size 2048K, 4 young (8192K), 4 survivors (8192K)
 Metaspace       used 122112K, committed 124352K, reserved 1179648K
  class space    used 16962K, committed 18048K, reserved 1048576K
}
Event: 100.913 GC heap before
{Heap before GC invocations=56 (full 0):
 garbage-first heap   total 208896K, used 185900K [0x0000000700000000, 0x0000000800000000)
  region size 2048K, 34 young (69632K), 4 survivors (8192K)
 Metaspace       used 123048K, committed 125312K, reserved 1179648K
  class space    used 17110K, committed 18240K, reserved 1048576K
}
Event: 100.921 GC heap after
{Heap after GC invocations=57 (full 0):
 garbage-first heap   total 208896K, used 128797K [0x0000000700000000, 0x0000000800000000)
  region size 2048K, 3 young (6144K), 3 survivors (6144K)
 Metaspace       used 123048K, committed 125312K, reserved 1179648K
  class space    used 17110K, committed 18240K, reserved 1048576K
}

