# JRE version: OpenJDK Runtime Environment (21.0.7) (build 21.0.7+-13880790-b1038.58)
# Java VM: OpenJDK 64-Bit Server VM (21.0.7+-13880790-b1038.58, mixed mode, tiered, compressed oops, compressed class ptrs, g1 gc, windows-amd64)
GC Precious Log:
 CardTable entry size: 512
 Card Set container configuration: InlinePtr #cards 4 size 8 Array Of Cards #cards 16 size 48 Howl #buckets 8 coarsen threshold 3686 Howl Bitmap #cards 512 size 80 coarsen threshold 460 Card regions per heap region 1 cards per card region 4096
 CPUs: 12 total, 12 available
 Memory: 15693M
 Large Page Support: Disabled
 NUMA Support: Disabled
 Compressed Oops: Enabled (Zero based)
 Heap Region Size: 2M
 Heap Min Capacity: 8M
 Heap Initial Capacity: 246M
 Heap Max Capacity: 4G
 Pre-touch: Disabled
 Parallel Workers: 10
 Concurrent Workers: 3
 Concurrent Refinement Workers: 10
 Periodic GC: Disabled
Heap:
 garbage-first heap   total 659456K, used 413600K [0x0000000700000000, 0x0000000800000000)
  region size 2048K, 37 young (75776K), 7 survivors (14336K)
 Metaspace       used 312130K, committed 315712K, reserved 1376256K
  class space    used 40156K, committed 41920K, reserved 1048576K
GC Heap History (20 events):
Event: 521.274 GC heap before
{Heap before GC invocations=102 (full 0):
 garbage-first heap   total 608256K, used 564525K [0x0000000700000000, 0x0000000800000000)
  region size 2048K, 110 young (225280K), 4 survivors (8192K)
 Metaspace       used 300869K, committed 304384K, reserved 1376256K
  class space    used 39104K, committed 40832K, reserved 1048576K
}
Event: 521.287 GC heap after
{Heap after GC invocations=103 (full 0):
 garbage-first heap   total 608256K, used 362378K [0x0000000700000000, 0x0000000800000000)
  region size 2048K, 13 young (26624K), 13 survivors (26624K)
 Metaspace       used 300869K, committed 304384K, reserved 1376256K
  class space    used 39104K, committed 40832K, reserved 1048576K
}
Event: 523.649 GC heap before
{Heap before GC invocations=103 (full 0):
 garbage-first heap   total 608256K, used 546698K [0x0000000700000000, 0x0000000800000000)
  region size 2048K, 104 young (212992K), 13 survivors (26624K)
 Metaspace       used 302415K, committed 305984K, reserved 1376256K
  class space    used 39165K, committed 40896K, reserved 1048576K
}
Event: 523.666 GC heap after
{Heap after GC invocations=104 (full 0):
 garbage-first heap   total 608256K, used 360365K [0x0000000700000000, 0x0000000800000000)
  region size 2048K, 6 young (12288K), 6 survivors (12288K)
 Metaspace       used 302415K, committed 305984K, reserved 1376256K
  class space    used 39165K, committed 40896K, reserved 1048576K
}
Event: 525.922 GC heap before
{Heap before GC invocations=104 (full 0):
 garbage-first heap   total 608256K, used 511917K [0x0000000700000000, 0x0000000800000000)
  region size 2048K, 82 young (167936K), 6 survivors (12288K)
 Metaspace       used 304348K, committed 307968K, reserved 1376256K
  class space    used 39335K, committed 41088K, reserved 1048576K
}
Event: 525.941 GC heap after
{Heap after GC invocations=105 (full 0):
 garbage-first heap   total 608256K, used 389120K [0x0000000700000000, 0x0000000800000000)
  region size 2048K, 13 young (26624K), 13 survivors (26624K)
 Metaspace       used 304348K, committed 307968K, reserved 1376256K
  class space    used 39335K, committed 41088K, reserved 1048576K
}
Event: 527.194 GC heap before
{Heap before GC invocations=106 (full 0):
 garbage-first heap   total 659456K, used 552960K [0x0000000700000000, 0x0000000800000000)
  region size 2048K, 90 young (184320K), 13 survivors (26624K)
 Metaspace       used 309008K, committed 312576K, reserved 1376256K
  class space    used 39760K, committed 41472K, reserved 1048576K
}
Event: 527.206 GC heap after
{Heap after GC invocations=107 (full 0):
 garbage-first heap   total 659456K, used 385446K [0x0000000700000000, 0x0000000800000000)
  region size 2048K, 3 young (6144K), 3 survivors (6144K)
 Metaspace       used 309008K, committed 312576K, reserved 1376256K
  class space    used 39760K, committed 41472K, reserved 1048576K
}
Event: 555.054 GC heap before
{Heap before GC invocations=107 (full 0):
 garbage-first heap   total 659456K, used 604582K [0x0000000700000000, 0x0000000800000000)
  region size 2048K, 111 young (227328K), 3 survivors (6144K)
 Metaspace       used 311040K, committed 314560K, reserved 1376256K
  class space    used 40006K, committed 41728K, reserved 1048576K
}
Event: 555.063 GC heap after
{Heap after GC invocations=108 (full 0):
 garbage-first heap   total 659456K, used 377392K [0x0000000700000000, 0x0000000800000000)
  region size 2048K, 5 young (10240K), 5 survivors (10240K)
 Metaspace       used 311040K, committed 314560K, reserved 1376256K
  class space    used 40006K, committed 41728K, reserved 1048576K
}
Event: 556.853 GC heap before
{Heap before GC invocations=108 (full 0):
 garbage-first heap   total 659456K, used 610864K [0x0000000700000000, 0x0000000800000000)
  region size 2048K, 120 young (245760K), 5 survivors (10240K)
 Metaspace       used 311436K, committed 315008K, reserved 1376256K
  class space    used 40056K, committed 41792K, reserved 1048576K
}
Event: 556.861 GC heap after
{Heap after GC invocations=109 (full 0):
 garbage-first heap   total 659456K, used 379178K [0x0000000700000000, 0x0000000800000000)
  region size 2048K, 6 young (12288K), 6 survivors (12288K)
 Metaspace       used 311436K, committed 315008K, reserved 1376256K
  class space    used 40056K, committed 41792K, reserved 1048576K
}
Event: 571.788 GC heap before
{Heap before GC invocations=110 (full 0):
 garbage-first heap   total 659456K, used 608554K [0x0000000700000000, 0x0000000800000000)
  region size 2048K, 119 young (243712K), 6 survivors (12288K)
 Metaspace       used 311441K, committed 315008K, reserved 1376256K
  class space    used 40057K, committed 41792K, reserved 1048576K
}
Event: 571.796 GC heap after
{Heap after GC invocations=111 (full 0):
 garbage-first heap   total 659456K, used 378892K [0x0000000700000000, 0x0000000800000000)
  region size 2048K, 6 young (12288K), 6 survivors (12288K)
 Metaspace       used 311441K, committed 315008K, reserved 1376256K
  class space    used 40057K, committed 41792K, reserved 1048576K
}
Event: 574.579 GC heap before
{Heap before GC invocations=111 (full 0):
 garbage-first heap   total 659456K, used 608268K [0x0000000700000000, 0x0000000800000000)
  region size 2048K, 119 young (243712K), 6 survivors (12288K)
 Metaspace       used 311442K, committed 315008K, reserved 1376256K
  class space    used 40057K, committed 41792K, reserved 1048576K
}
Event: 574.594 GC heap after
{Heap after GC invocations=112 (full 0):
 garbage-first heap   total 659456K, used 353858K [0x0000000700000000, 0x0000000800000000)
  region size 2048K, 7 young (14336K), 7 survivors (14336K)
 Metaspace       used 311442K, committed 315008K, reserved 1376256K
  class space    used 40057K, committed 41792K, reserved 1048576K
}
Event: 575.666 GC heap before
{Heap before GC invocations=112 (full 0):
 garbage-first heap   total 659456K, used 605762K [0x0000000700000000, 0x0000000800000000)
  region size 2048K, 131 young (268288K), 7 survivors (14336K)
 Metaspace       used 311447K, committed 315008K, reserved 1376256K
  class space    used 40058K, committed 41792K, reserved 1048576K
}
Event: 575.674 GC heap after
{Heap after GC invocations=113 (full 0):
 garbage-first heap   total 659456K, used 355502K [0x0000000700000000, 0x0000000800000000)
  region size 2048K, 7 young (14336K), 7 survivors (14336K)
 Metaspace       used 311447K, committed 315008K, reserved 1376256K
  class space    used 40058K, committed 41792K, reserved 1048576K
}
Event: 578.229 GC heap before
{Heap before GC invocations=114 (full 0):
 garbage-first heap   total 659456K, used 613550K [0x0000000700000000, 0x0000000800000000)
  region size 2048K, 131 young (268288K), 7 survivors (14336K)
 Metaspace       used 311537K, committed 315072K, reserved 1376256K
  class space    used 40071K, committed 41792K, reserved 1048576K
}
Event: 578.236 GC heap after
{Heap after GC invocations=115 (full 0):
 garbage-first heap   total 659456K, used 354208K [0x0000000700000000, 0x0000000800000000)
  region size 2048K, 7 young (14336K), 7 survivors (14336K)
 Metaspace       used 311537K, committed 315072K, reserved 1376256K
  class space    used 40071K, committed 41792K, reserved 1048576K
}

